<?xml version="1.0" encoding="UTF-8"?>
<!-- Generated by org.testng.reporters.JUnitReportReporter -->
<testsuite hostname="192.168.1.3" failures="0" tests="1" name="com.edu.tests.smoke.Verify_Search" time="83.234" errors="0" timestamp="2025-01-15T12:26:58 IST" skipped="0">
  <testcase classname="com.edu.tests.smoke.Verify_Search" name="verifySearchFunctionality" time="83.234"/>
</testsuite> <!-- com.edu.tests.smoke.Verify_Search -->
